<?xml version="1.0" encoding="UTF-8"?>
<testng-results skipped="0" failed="0" total="1" passed="1">
  <reporter-output>
  </reporter-output>
  <suite name="Default suite" duration-ms="48658" started-at="2018-07-04T06:46:16Z" finished-at="2018-07-04T06:47:04Z">
    <groups>
    </groups>
    <test name="Default test" duration-ms="48658" started-at="2018-07-04T06:46:16Z" finished-at="2018-07-04T06:47:04Z">
      <class name="com.experitest.auto.AndroidTest1">
        <test-method status="PASS" signature="setUp()[pri:0, instance:com.experitest.auto.AndroidTest1@6f1fba17]" name="setUp" is-config="true" duration-ms="33836" started-at="2018-07-04T10:46:16Z" finished-at="2018-07-04T10:46:50Z">
          <reporter-output>
          </reporter-output>
        </test-method> <!-- setUp -->
        <test-method status="PASS" signature="testUntitled()[pri:0, instance:com.experitest.auto.AndroidTest1@6f1fba17]" name="testUntitled" duration-ms="10517" started-at="2018-07-04T10:46:50Z" finished-at="2018-07-04T10:47:00Z">
          <reporter-output>
          </reporter-output>
        </test-method> <!-- testUntitled -->
        <test-method status="PASS" signature="tearDown()[pri:0, instance:com.experitest.auto.AndroidTest1@6f1fba17]" name="tearDown" is-config="true" duration-ms="4294" started-at="2018-07-04T10:47:00Z" finished-at="2018-07-04T10:47:04Z">
          <reporter-output>
          </reporter-output>
        </test-method> <!-- tearDown -->
      </class> <!-- com.experitest.auto.AndroidTest1 -->
    </test> <!-- Default test -->
  </suite> <!-- Default suite -->
</testng-results>
